<?xml version="1.0" encoding="UTF-8"?>
<!-- Generated by org.testng.reporters.JUnitReportReporter -->
<testsuite hostname="DESKTOP-9SGE8AP" failures="0" tests="1" name="tests.LinksTest" time="8.530" errors="0" timestamp="10 Aug 2021 11:56:29 GMT" skipped="0">
  <testcase classname="tests.LinksTest" name="verifyLinks" time="8.530"/>
</testsuite> <!-- tests.LinksTest -->
