<?xml version="1.0" encoding="UTF-8"?>
<!-- Generated by org.testng.reporters.JUnitReportReporter -->
<testsuite hostname="DESKTOP-9SGE8AP" failures="0" tests="1" name="tests.ReadFromExcelTest" time="1.101" errors="0" timestamp="03 Aug 2021 10:17:28 GMT" skipped="0">
  <testcase classname="tests.ReadFromExcelTest" name="readFromExcel" time="1.101"/>
</testsuite> <!-- tests.ReadFromExcelTest -->
