<?xml version="1.0" encoding="UTF-8"?>
<!-- Generated by org.testng.reporters.JUnitReportReporter -->
<testsuite hostname="DESKTOP-9SGE8AP" failures="0" tests="1" name="tests.WebTablesTest" time="4.593" errors="0" timestamp="10 Aug 2021 11:56:29 GMT" skipped="0">
  <testcase classname="tests.WebTablesTest" name="getWebTablesRecords" time="4.593"/>
</testsuite> <!-- tests.WebTablesTest -->
