<?xml version="1.0" encoding="UTF-8"?>
<!-- Generated by org.testng.reporters.JUnitReportReporter -->
<testsuite hostname="DESKTOP-9SGE8AP" failures="0" tests="1" name="com.toolsqa.automation.tests.ElementsTest" time="16.179" errors="0" timestamp="19 Jul 2021 11:54:08 GMT" skipped="0">
  <testcase classname="com.toolsqa.automation.tests.ElementsTest" name="getToElementsPage" time="16.179"/>
</testsuite> <!-- com.toolsqa.automation.tests.ElementsTest -->
