<?xml version="1.0" encoding="UTF-8"?>
<!-- Generated by org.testng.reporters.JUnitReportReporter -->
<testsuite hostname="DESKTOP-9SGE8AP" failures="0" tests="1" name="tests.BookStoreLoginTest" time="8.359" errors="0" timestamp="11 Aug 2021 04:45:31 GMT" skipped="0">
  <testcase classname="tests.BookStoreLoginTest" name="loginToBookStorePage" time="8.359"/>
</testsuite> <!-- tests.BookStoreLoginTest -->
