<?xml version="1.0" encoding="UTF-8"?>
<!-- Generated by org.testng.reporters.JUnitReportReporter -->
<testsuite hostname="DESKTOP-9SGE8AP" failures="0" tests="2" name="tests.AddAndDeleteBookFromCollectionTest" time="19.846" errors="0" timestamp="22 Jul 2021 04:18:58 GMT" skipped="0">
  <testcase classname="tests.AddAndDeleteBookFromCollectionTest" name="addBook" time="14.709"/>
  <testcase classname="tests.AddAndDeleteBookFromCollectionTest" name="deleteBookFromProfile" time="5.137"/>
</testsuite> <!-- tests.AddAndDeleteBookFromCollectionTest -->
