<?xml version="1.0" encoding="UTF-8"?>
<!-- Generated by org.testng.reporters.JUnitReportReporter -->
<testsuite hostname="DESKTOP-9SGE8AP" failures="0" tests="2" name="com.toolsqa.automation.tests.AddAndDeleteBookFromCollectionTest" time="19.878" errors="0" timestamp="19 Jul 2021 17:13:26 GMT" skipped="0">
  <testcase classname="com.toolsqa.automation.tests.AddAndDeleteBookFromCollectionTest" name="addBook" time="15.357"/>
  <testcase classname="com.toolsqa.automation.tests.AddAndDeleteBookFromCollectionTest" name="deleteBookFromProfile" time="4.521"/>
</testsuite> <!-- com.toolsqa.automation.tests.AddAndDeleteBookFromCollectionTest -->
