<?xml version="1.0" encoding="UTF-8"?>
<!-- Generated by org.testng.reporters.JUnitReportReporter -->
<testsuite hostname="DESKTOP-9SGE8AP" failures="0" tests="1" name="tests.RadioButtonTest" time="11.389" errors="0" timestamp="03 Aug 2021 12:31:57 GMT" skipped="0">
  <testcase classname="tests.RadioButtonTest" name="selectRadioButtons" time="11.389"/>
</testsuite> <!-- tests.RadioButtonTest -->
