<?xml version="1.0" encoding="UTF-8"?>
<!-- Generated by org.testng.reporters.JUnitReportReporter -->
<testsuite hostname="DESKTOP-9SGE8AP" failures="0" tests="1" name="tests.TextBoxTest" time="30.384" errors="0" timestamp="02 Aug 2021 02:29:21 GMT" skipped="0">
  <testcase classname="tests.TextBoxTest" name="getTextBoxPage" time="30.384"/>
</testsuite> <!-- tests.TextBoxTest -->
