<?xml version="1.0" encoding="UTF-8"?>
<!-- Generated by org.testng.reporters.JUnitReportReporter -->
<testsuite hostname="DESKTOP-9SGE8AP" failures="0" tests="1" name="tests.LinksTest" time="6.840" errors="0" timestamp="07 Sep 2021 05:57:41 GMT" skipped="0">
  <testcase classname="tests.LinksTest" name="verifyLinks" time="6.840"/>
</testsuite> <!-- tests.LinksTest -->
