<?xml version="1.0" encoding="UTF-8"?>
<!-- Generated by org.testng.reporters.JUnitReportReporter -->
<testsuite hostname="DESKTOP-9SGE8AP" failures="0" tests="2" name="tests.AddAndDeleteBookFromCollectionTest" time="13.687" errors="0" timestamp="25 Jul 2021 03:17:51 GMT" skipped="0">
  <testcase classname="tests.AddAndDeleteBookFromCollectionTest" name="addBook" time="11.334"/>
  <testcase classname="tests.AddAndDeleteBookFromCollectionTest" name="deleteBookFromProfile" time="2.353"/>
</testsuite> <!-- tests.AddAndDeleteBookFromCollectionTest -->
