<?xml version="1.0" encoding="UTF-8"?>
<!-- Generated by org.testng.reporters.JUnitReportReporter -->
<testsuite hostname="DESKTOP-9SGE8AP" failures="0" tests="3" name="tests.VerifyLoginTest" time="16.277" errors="0" timestamp="17 Aug 2021 04:19:45 GMT" skipped="0">
  <testcase classname="tests.VerifyLoginTest" name="verifyLoginWithMultipleUsers" time="3.180"/>
  <testcase classname="tests.VerifyLoginTest" name="verifyLoginWithMultipleUsers" time="10.383"/>
  <testcase classname="tests.VerifyLoginTest" name="verifyLoginWithMultipleUsers" time="2.714"/>
</testsuite> <!-- tests.VerifyLoginTest -->
