<?xml version="1.0" encoding="UTF-8"?>
<!-- Generated by org.testng.reporters.JUnitReportReporter -->
<testsuite hostname="DESKTOP-9SGE8AP" failures="0" tests="1" name="tests.TextBoxTest" time="15.948" errors="0" timestamp="27 Jul 2021 05:12:56 GMT" skipped="0">
  <testcase classname="tests.TextBoxTest" name="getTextBoxPage" time="15.948"/>
</testsuite> <!-- tests.TextBoxTest -->
