<?xml version="1.0" encoding="UTF-8"?>
<!-- Generated by org.testng.reporters.JUnitReportReporter -->
<testsuite hostname="DESKTOP-9SGE8AP" failures="0" tests="3" name="tests.VerifyLoginTest" time="32.700" errors="0" timestamp="08 Aug 2021 15:24:18 GMT" skipped="0">
  <testcase classname="tests.VerifyLoginTest" name="verifyLoginWithMultipleUsers" time="5.975"/>
  <testcase classname="tests.VerifyLoginTest" name="verifyLoginWithMultipleUsers" time="11.002"/>
  <testcase classname="tests.VerifyLoginTest" name="verifyLoginWithMultipleUsers" time="15.723"/>
</testsuite> <!-- tests.VerifyLoginTest -->
