<?xml version="1.0" encoding="UTF-8"?>
<!-- Generated by org.testng.reporters.JUnitReportReporter -->
<testsuite hostname="DESKTOP-9SGE8AP" failures="0" tests="1" name="tests.TextBoxTest" time="8.289" errors="0" timestamp="05 Aug 2021 02:29:06 GMT" skipped="0">
  <testcase classname="tests.TextBoxTest" name="getTextBoxPage" time="8.289"/>
</testsuite> <!-- tests.TextBoxTest -->
