<?xml version="1.0" encoding="UTF-8"?>
<!-- Generated by org.testng.reporters.JUnitReportReporter -->
<testsuite hostname="DESKTOP-9SGE8AP" failures="0" tests="3" name="tests.VerifyLoginTest" time="40.500" errors="0" timestamp="02 Aug 2021 02:29:21 GMT" skipped="0">
  <testcase classname="tests.VerifyLoginTest" name="verifyLoginWithNoOfUsers" time="23.804"/>
  <testcase classname="tests.VerifyLoginTest" name="verifyLoginWithNoOfUsers" time="10.769"/>
  <testcase classname="tests.VerifyLoginTest" name="verifyLoginWithNoOfUsers" time="5.927"/>
</testsuite> <!-- tests.VerifyLoginTest -->
