<?xml version="1.0" encoding="UTF-8"?>
<!-- Generated by org.testng.reporters.JUnitReportReporter -->
<testsuite hostname="DESKTOP-9SGE8AP" failures="0" tests="1" name="tests.BookStoreLoginTest" time="5.128" errors="0" timestamp="08 Aug 2021 15:24:18 GMT" skipped="0">
  <testcase classname="tests.BookStoreLoginTest" name="goToBookStoreAppLoginPage" time="5.128"/>
</testsuite> <!-- tests.BookStoreLoginTest -->
