<?xml version="1.0" encoding="UTF-8"?>
<!-- Generated by org.testng.reporters.JUnitReportReporter -->
<testsuite hostname="DESKTOP-9SGE8AP" failures="0" tests="1" name="tests.TextBoxTest" time="10.559" errors="0" timestamp="07 Aug 2021 03:58:54 GMT" skipped="0">
  <testcase classname="tests.TextBoxTest" name="getTextBoxPage" time="10.559"/>
</testsuite> <!-- tests.TextBoxTest -->
