<?xml version="1.0" encoding="UTF-8"?>
<!-- Generated by org.testng.reporters.JUnitReportReporter -->
<testsuite hostname="DESKTOP-9SGE8AP" failures="0" tests="1" name="com.toolsqa.automation.tests.AddBookToCollectionTest" time="2.141" errors="0" timestamp="12 Jul 2021 08:03:42 GMT" skipped="0">
  <testcase classname="com.toolsqa.automation.tests.AddBookToCollectionTest" name="addBook" time="2.141"/>
</testsuite> <!-- com.toolsqa.automation.tests.AddBookToCollectionTest -->
