<?xml version="1.0" encoding="UTF-8"?>
<!-- Generated by org.testng.reporters.JUnitReportReporter -->
<testsuite hostname="DESKTOP-9SGE8AP" failures="0" tests="1" name="com.toolsqa.automation.tests.NewTest" time="10.337" errors="0" timestamp="14 Jul 2021 03:51:11 GMT" skipped="0">
  <testcase classname="com.toolsqa.automation.tests.NewTest" name="f" time="10.337"/>
</testsuite> <!-- com.toolsqa.automation.tests.NewTest -->
