<?xml version="1.0" encoding="UTF-8"?>
<!-- Generated by org.testng.reporters.JUnitReportReporter -->
<testsuite hostname="DESKTOP-9SGE8AP" failures="0" tests="1" name="tests.TextBoxTest" time="33.262" errors="0" timestamp="25 Jul 2021 04:27:59 GMT" skipped="0">
  <testcase classname="tests.TextBoxTest" name="getTextBoxPage" time="33.262"/>
</testsuite> <!-- tests.TextBoxTest -->
