<?xml version="1.0" encoding="UTF-8"?>
<!-- Generated by org.testng.reporters.JUnitReportReporter -->
<testsuite hostname="DESKTOP-9SGE8AP" failures="0" tests="2" name="com.toolsqa.automation.tests.AddAndDeleteBookFromCollectionTest" time="21.634" errors="0" timestamp="18 Jul 2021 11:49:18 GMT" skipped="0">
  <testcase classname="com.toolsqa.automation.tests.AddAndDeleteBookFromCollectionTest" name="addBook" time="16.660"/>
  <testcase classname="com.toolsqa.automation.tests.AddAndDeleteBookFromCollectionTest" name="deleteBookFromProfile" time="4.974"/>
</testsuite> <!-- com.toolsqa.automation.tests.AddAndDeleteBookFromCollectionTest -->
