<?xml version="1.0" encoding="UTF-8"?>
<!-- Generated by org.testng.reporters.JUnitReportReporter -->
<testsuite hostname="DESKTOP-9SGE8AP" failures="0" tests="1" name="tests.ButtonsTest" time="2.830" errors="0" timestamp="11 Aug 2021 06:04:50 GMT" skipped="0">
  <testcase classname="tests.ButtonsTest" name="verifyButtons" time="2.830"/>
</testsuite> <!-- tests.ButtonsTest -->
