<?xml version="1.0" encoding="UTF-8"?>
<!-- Generated by org.testng.reporters.JUnitReportReporter -->
<testsuite hostname="DESKTOP-9SGE8AP" failures="0" tests="1" name="com.toolsqa.automation.tests.AccessLoginPageTest" time="8.655" errors="0" timestamp="10 Jul 2021 18:20:55 GMT" skipped="0">
  <testcase classname="com.toolsqa.automation.tests.AccessLoginPageTest" name="goBookStoreAppLoginPage" time="8.655"/>
</testsuite> <!-- com.toolsqa.automation.tests.AccessLoginPageTest -->
