<?xml version="1.0" encoding="UTF-8"?>
<!-- Generated by org.testng.reporters.JUnitReportReporter -->
<testsuite hostname="DESKTOP-9SGE8AP" failures="0" tests="1" name="tests.CheckBoxTest" time="9.607" errors="0" timestamp="03 Aug 2021 10:24:10 GMT" skipped="0">
  <testcase classname="tests.CheckBoxTest" name="getToCheckBoxPage" time="9.607"/>
</testsuite> <!-- tests.CheckBoxTest -->
