<?xml version="1.0" encoding="UTF-8"?>
<!-- Generated by org.testng.reporters.JUnitReportReporter -->
<testsuite hostname="DESKTOP-9SGE8AP" failures="0" tests="2" name="tests.AddAndDeleteBookFromCollectionTest" time="5.666" errors="0" timestamp="03 Aug 2021 10:24:10 GMT" skipped="0">
  <testcase classname="tests.AddAndDeleteBookFromCollectionTest" name="addBook" time="4.680"/>
  <testcase classname="tests.AddAndDeleteBookFromCollectionTest" name="deleteBookFromProfile" time="0.986"/>
</testsuite> <!-- tests.AddAndDeleteBookFromCollectionTest -->
