<?xml version="1.0" encoding="UTF-8"?>
<!-- Generated by org.testng.reporters.JUnitReportReporter -->
<testsuite hostname="DESKTOP-9SGE8AP" failures="0" tests="2" name="com.toolsqa.automation.tests.AccessLoginPageTest" time="20.762" errors="0" timestamp="14 Jul 2021 04:16:39 GMT" skipped="0">
  <testcase classname="com.toolsqa.automation.tests.AccessLoginPageTest" name="goToBookStoreAppLoginPage" time="17.933"/>
  <testcase classname="com.toolsqa.automation.tests.AccessLoginPageTest" name="loginToBookStoreApplication" time="2.829"/>
</testsuite> <!-- com.toolsqa.automation.tests.AccessLoginPageTest -->
