<?xml version="1.0" encoding="UTF-8"?>
<!-- Generated by org.testng.reporters.JUnitReportReporter -->
<testsuite hostname="DESKTOP-9SGE8AP" failures="0" tests="1" name="tests.ButtonsTest" time="3.677" errors="0" timestamp="07 Aug 2021 13:51:05 GMT" skipped="0">
  <testcase classname="tests.ButtonsTest" name="actionsOnButtons" time="3.677"/>
</testsuite> <!-- tests.ButtonsTest -->
