<?xml version="1.0" encoding="UTF-8"?>
<!-- Generated by org.testng.reporters.JUnitReportReporter -->
<testsuite hostname="DESKTOP-9SGE8AP" failures="0" tests="2" name="tests.AddAndDeleteBookFromCollectionTest" time="8.253" errors="0" timestamp="11 Aug 2021 04:45:31 GMT" skipped="0">
  <testcase classname="tests.AddAndDeleteBookFromCollectionTest" name="addBook" time="6.777"/>
  <testcase classname="tests.AddAndDeleteBookFromCollectionTest" name="deleteBookFromProfile" time="1.476"/>
</testsuite> <!-- tests.AddAndDeleteBookFromCollectionTest -->
