<?xml version="1.0" encoding="UTF-8"?>
<!-- Generated by org.testng.reporters.JUnitReportReporter -->
<testsuite hostname="DESKTOP-9SGE8AP" failures="0" tests="2" name="com.toolsqa.automation.tests.AddBookToCollectionTest" time="18.835" errors="0" timestamp="15 Jul 2021 03:17:38 GMT" skipped="0">
  <testcase classname="com.toolsqa.automation.tests.AddBookToCollectionTest" name="addBook" time="13.930"/>
  <testcase classname="com.toolsqa.automation.tests.AddBookToCollectionTest" name="deleteBookFromProfile" time="4.905"/>
</testsuite> <!-- com.toolsqa.automation.tests.AddBookToCollectionTest -->
