<?xml version="1.0" encoding="UTF-8"?>
<!-- Generated by org.testng.reporters.JUnitReportReporter -->
<testsuite hostname="DESKTOP-9SGE8AP" failures="0" tests="1" name="tests.BrokenLinksImagesTest" time="10.745" errors="0" timestamp="07 Sep 2021 05:57:41 GMT" skipped="0">
  <testcase classname="tests.BrokenLinksImagesTest" name="verifyBrokenLinksAndImages" time="10.745"/>
</testsuite> <!-- tests.BrokenLinksImagesTest -->
