<?xml version="1.0" encoding="UTF-8"?>
<!-- Generated by org.testng.reporters.JUnitReportReporter -->
<testsuite hostname="DESKTOP-9SGE8AP" failures="0" tests="1" name="tests.ButtonsTest" time="4.985" errors="0" timestamp="10 Aug 2021 11:56:28 GMT" skipped="0">
  <testcase classname="tests.ButtonsTest" name="actionsOnButtons" time="4.985"/>
</testsuite> <!-- tests.ButtonsTest -->
