<?xml version="1.0" encoding="UTF-8"?>
<!-- Generated by org.testng.reporters.JUnitReportReporter -->
<testsuite hostname="DESKTOP-9SGE8AP" failures="0" tests="3" name="tests.VerifyLoginTest" time="23.781" errors="0" timestamp="27 Jul 2021 05:12:56 GMT" skipped="0">
  <testcase classname="tests.VerifyLoginTest" name="verifyLoginWithNoOfUsers" time="6.992"/>
  <testcase classname="tests.VerifyLoginTest" name="verifyLoginWithNoOfUsers" time="5.600"/>
  <testcase classname="tests.VerifyLoginTest" name="verifyLoginWithNoOfUsers" time="11.189"/>
</testsuite> <!-- tests.VerifyLoginTest -->
