<?xml version="1.0" encoding="UTF-8"?>
<!-- Generated by org.testng.reporters.JUnitReportReporter -->
<testsuite hostname="DESKTOP-9SGE8AP" failures="0" tests="2" name="com.toolsqa.automation.tests.BookStoreLoginTest" time="45.913" errors="0" timestamp="21 Jul 2021 08:58:25 GMT" skipped="0">
  <testcase classname="com.toolsqa.automation.tests.BookStoreLoginTest" name="goToBookStoreAppLoginPage" time="39.472"/>
  <testcase classname="com.toolsqa.automation.tests.BookStoreLoginTest" name="loginToBookStoreApplication" time="6.441"/>
</testsuite> <!-- com.toolsqa.automation.tests.BookStoreLoginTest -->
