<?xml version="1.0" encoding="UTF-8"?>
<!-- Generated by org.testng.reporters.JUnitReportReporter -->
<testsuite hostname="DESKTOP-9SGE8AP" failures="0" tests="2" name="com.toolsqa.automation.tests.AddAndDeleteBookFromCollectionTest" time="16.264" errors="0" timestamp="22 Jul 2021 01:11:32 GMT" skipped="0">
  <testcase classname="com.toolsqa.automation.tests.AddAndDeleteBookFromCollectionTest" name="addBook" time="11.539"/>
  <testcase classname="com.toolsqa.automation.tests.AddAndDeleteBookFromCollectionTest" name="deleteBookFromProfile" time="4.725"/>
</testsuite> <!-- com.toolsqa.automation.tests.AddAndDeleteBookFromCollectionTest -->
