<?xml version="1.0" encoding="UTF-8"?>
<!-- Generated by org.testng.reporters.JUnitReportReporter -->
<testsuite hostname="DESKTOP-9SGE8AP" failures="0" tests="1" name="tests.BookStoreLoginTest" time="3.897" errors="0" timestamp="17 Aug 2021 04:19:45 GMT" skipped="0">
  <testcase classname="tests.BookStoreLoginTest" name="loginToBookStorePage" time="3.897"/>
</testsuite> <!-- tests.BookStoreLoginTest -->
