<?xml version="1.0" encoding="UTF-8"?>
<!-- Generated by org.testng.reporters.JUnitReportReporter -->
<testsuite hostname="DESKTOP-9SGE8AP" failures="0" tests="1" name="com.toolsqa.automation.tests.TextBoxTest" time="27.252" errors="0" timestamp="21 Jul 2021 08:58:25 GMT" skipped="0">
  <testcase classname="com.toolsqa.automation.tests.TextBoxTest" name="getTextBoxPage" time="27.252"/>
</testsuite> <!-- com.toolsqa.automation.tests.TextBoxTest -->
