<?xml version="1.0" encoding="UTF-8"?>
<!-- Generated by org.testng.reporters.JUnitReportReporter -->
<testsuite hostname="DESKTOP-9SGE8AP" failures="0" tests="2" name="com.toolsqa.automation.tests.AccessLoginPageTest" time="11.268" errors="0" timestamp="20 Jul 2021 10:45:18 GMT" skipped="0">
  <testcase classname="com.toolsqa.automation.tests.AccessLoginPageTest" name="goToBookStoreAppLoginPage" time="4.894"/>
  <testcase classname="com.toolsqa.automation.tests.AccessLoginPageTest" name="loginToBookStoreApplication" time="6.374"/>
</testsuite> <!-- com.toolsqa.automation.tests.AccessLoginPageTest -->
