<?xml version="1.0" encoding="UTF-8"?>
<!-- Generated by org.testng.reporters.JUnitReportReporter -->
<testsuite hostname="DESKTOP-9SGE8AP" failures="0" tests="1" name="tests.CheckBoxTest" time="6.128" errors="0" timestamp="02 Aug 2021 17:52:21 GMT" skipped="0">
  <testcase classname="tests.CheckBoxTest" name="getToCheckBoxPage" time="6.128"/>
</testsuite> <!-- tests.CheckBoxTest -->
