<?xml version="1.0" encoding="UTF-8"?>
<!-- Generated by org.testng.reporters.JUnitReportReporter -->
<testsuite hostname="DESKTOP-9SGE8AP" failures="0" tests="1" name="com.toolsqa.automation.tests.AddBookToCollectionTest" time="18.633" errors="0" timestamp="14 Jul 2021 04:16:39 GMT" skipped="0">
  <testcase classname="com.toolsqa.automation.tests.AddBookToCollectionTest" name="addBook" time="18.633"/>
</testsuite> <!-- com.toolsqa.automation.tests.AddBookToCollectionTest -->
