<?xml version="1.0" encoding="UTF-8"?>
<!-- Generated by org.testng.reporters.JUnitReportReporter -->
<testsuite hostname="DESKTOP-9SGE8AP" failures="0" tests="1" name="tests.BookStoreLoginTest" time="4.306" errors="0" timestamp="09 Aug 2021 06:14:17 GMT" skipped="0">
  <testcase classname="tests.BookStoreLoginTest" name="goToBookStoreAppLoginPage" time="4.306"/>
</testsuite> <!-- tests.BookStoreLoginTest -->
