<?xml version="1.0" encoding="UTF-8"?>
<!-- Generated by org.testng.reporters.JUnitReportReporter -->
<testsuite hostname="DESKTOP-9SGE8AP" failures="0" tests="3" name="tests.VerifyLoginTest" time="44.285" errors="0" timestamp="11 Aug 2021 04:45:31 GMT" skipped="0">
  <testcase classname="tests.VerifyLoginTest" name="verifyLoginWithMultipleUsers" time="26.850"/>
  <testcase classname="tests.VerifyLoginTest" name="verifyLoginWithMultipleUsers" time="10.884"/>
  <testcase classname="tests.VerifyLoginTest" name="verifyLoginWithMultipleUsers" time="6.551"/>
</testsuite> <!-- tests.VerifyLoginTest -->
