<?xml version="1.0" encoding="UTF-8"?>
<!-- Generated by org.testng.reporters.JUnitReportReporter -->
<testsuite hostname="DESKTOP-9SGE8AP" failures="0" tests="1" name="tests.RadioButtonTest" time="4.319" errors="0" timestamp="04 Aug 2021 12:37:47 GMT" skipped="0">
  <testcase classname="tests.RadioButtonTest" name="selectRadioButtons" time="4.319"/>
</testsuite> <!-- tests.RadioButtonTest -->
