<?xml version="1.0" encoding="UTF-8"?>
<!-- Generated by org.testng.reporters.JUnitReportReporter -->
<testsuite hostname="DESKTOP-9SGE8AP" failures="0" tests="1" name="com.toolsqa.automation.tests.ElementsTest" time="13.153" errors="0" timestamp="20 Jul 2021 10:45:18 GMT" skipped="0">
  <testcase classname="com.toolsqa.automation.tests.ElementsTest" name="getToElementsPage" time="13.153"/>
</testsuite> <!-- com.toolsqa.automation.tests.ElementsTest -->
