<?xml version="1.0" encoding="UTF-8"?>
<!-- Generated by org.testng.reporters.JUnitReportReporter -->
<testsuite hostname="DESKTOP-9SGE8AP" failures="0" tests="1" name="tests.CheckBoxTest" time="7.767" errors="0" timestamp="27 Jul 2021 05:12:56 GMT" skipped="0">
  <testcase classname="tests.CheckBoxTest" name="getToCheckBoxPage" time="7.767"/>
</testsuite> <!-- tests.CheckBoxTest -->
