<?xml version="1.0" encoding="UTF-8"?>
<!-- Generated by org.testng.reporters.JUnitReportReporter -->
<testsuite hostname="DESKTOP-9SGE8AP" failures="0" tests="1" name="tests.BookStoreLoginTest" time="7.351" errors="0" timestamp="11 Aug 2021 01:53:51 GMT" skipped="0">
  <testcase classname="tests.BookStoreLoginTest" name="goToBookStoreAppLoginPage" time="7.351"/>
</testsuite> <!-- tests.BookStoreLoginTest -->
