<?xml version="1.0" encoding="UTF-8"?>
<!-- Generated by org.testng.reporters.JUnitReportReporter -->
<testsuite hostname="DESKTOP-9SGE8AP" failures="0" tests="1" name="tests.BookStoreLoginTest" time="4.800" errors="0" timestamp="31 Aug 2021 01:06:19 GMT" skipped="0">
  <testcase classname="tests.BookStoreLoginTest" name="loginToBookStorePage" time="4.800"/>
</testsuite> <!-- tests.BookStoreLoginTest -->
