<?xml version="1.0" encoding="UTF-8"?>
<!-- Generated by org.testng.reporters.JUnitReportReporter -->
<testsuite hostname="DESKTOP-9SGE8AP" failures="0" tests="3" name="tests.VerifyLoginTest" time="41.775" errors="0" timestamp="09 Aug 2021 06:14:17 GMT" skipped="0">
  <testcase classname="tests.VerifyLoginTest" name="verifyLoginWithMultipleUsers" time="31.405"/>
  <testcase classname="tests.VerifyLoginTest" name="verifyLoginWithMultipleUsers" time="7.034"/>
  <testcase classname="tests.VerifyLoginTest" name="verifyLoginWithMultipleUsers" time="3.336"/>
</testsuite> <!-- tests.VerifyLoginTest -->
