<?xml version="1.0" encoding="UTF-8"?>
<!-- Generated by org.testng.reporters.JUnitReportReporter -->
<testsuite hostname="DESKTOP-9SGE8AP" failures="0" tests="2" name="tests.AddAndDeleteBookFromCollectionTest" time="21.853" errors="0" timestamp="24 Jul 2021 18:29:42 GMT" skipped="0">
  <testcase classname="tests.AddAndDeleteBookFromCollectionTest" name="addBook" time="17.090"/>
  <testcase classname="tests.AddAndDeleteBookFromCollectionTest" name="deleteBookFromProfile" time="4.763"/>
</testsuite> <!-- tests.AddAndDeleteBookFromCollectionTest -->
