<?xml version="1.0" encoding="UTF-8"?>
<!-- Generated by org.testng.reporters.JUnitReportReporter -->
<testsuite hostname="DESKTOP-9SGE8AP" failures="0" tests="1" name="tests.TextBoxTest" time="25.094" errors="0" timestamp="24 Jul 2021 18:29:42 GMT" skipped="0">
  <testcase classname="tests.TextBoxTest" name="getTextBoxPage" time="25.094"/>
</testsuite> <!-- tests.TextBoxTest -->
