<?xml version="1.0" encoding="UTF-8"?>
<!-- Generated by org.testng.reporters.JUnitReportReporter -->
<testsuite hostname="DESKTOP-9SGE8AP" failures="0" tests="1" name="tests.BookStoreLoginTest" time="11.420" errors="0" timestamp="06 Aug 2021 16:01:55 GMT" skipped="0">
  <testcase classname="tests.BookStoreLoginTest" name="goToBookStoreAppLoginPage" time="11.420"/>
</testsuite> <!-- tests.BookStoreLoginTest -->
