<?xml version="1.0" encoding="UTF-8"?>
<!-- Generated by org.testng.reporters.JUnitReportReporter -->
<testsuite hostname="DESKTOP-9SGE8AP" failures="0" tests="3" name="tests.VerifyLoginTest" time="24.082" errors="0" timestamp="02 Aug 2021 17:52:21 GMT" skipped="0">
  <testcase classname="tests.VerifyLoginTest" name="verifyLoginWithNoOfUsers" time="15.530"/>
  <testcase classname="tests.VerifyLoginTest" name="verifyLoginWithNoOfUsers" time="4.899"/>
  <testcase classname="tests.VerifyLoginTest" name="verifyLoginWithNoOfUsers" time="3.653"/>
</testsuite> <!-- tests.VerifyLoginTest -->
