<?xml version="1.0" encoding="UTF-8"?>
<!-- Generated by org.testng.reporters.JUnitReportReporter -->
<testsuite hostname="DESKTOP-9SGE8AP" failures="0" tests="1" name="tests.WebTablesTest" time="6.629" errors="0" timestamp="11 Aug 2021 05:56:48 GMT" skipped="0">
  <testcase classname="tests.WebTablesTest" name="verifyWebTableRecords" time="6.629"/>
</testsuite> <!-- tests.WebTablesTest -->
