<?xml version="1.0" encoding="UTF-8"?>
<!-- Generated by org.testng.reporters.JUnitReportReporter -->
<testsuite hostname="DESKTOP-9SGE8AP" failures="0" tests="1" name="com.toolsqa.automation.tests.ElementsTest" time="15.698" errors="0" timestamp="19 Jul 2021 12:51:10 GMT" skipped="0">
  <testcase classname="com.toolsqa.automation.tests.ElementsTest" name="getToElementsPage" time="15.698"/>
</testsuite> <!-- com.toolsqa.automation.tests.ElementsTest -->
