<?xml version="1.0" encoding="UTF-8"?>
<!-- Generated by org.testng.reporters.JUnitReportReporter -->
<testsuite hostname="DESKTOP-9SGE8AP" failures="0" tests="2" name="tests.BookStoreLoginTest" time="26.252" errors="0" timestamp="22 Jul 2021 04:18:58 GMT" skipped="0">
  <testcase classname="tests.BookStoreLoginTest" name="goToBookStoreAppLoginPage" time="24.134"/>
  <testcase classname="tests.BookStoreLoginTest" name="loginToBookStoreApplication" time="2.118"/>
</testsuite> <!-- tests.BookStoreLoginTest -->
