<?xml version="1.0" encoding="UTF-8"?>
<!-- Generated by org.testng.reporters.JUnitReportReporter -->
<testsuite hostname="DESKTOP-9SGE8AP" failures="0" tests="2" name="com.toolsqa.automation.tests.BookStoreLoginTest" time="10.485" errors="0" timestamp="22 Jul 2021 01:11:32 GMT" skipped="0">
  <testcase classname="com.toolsqa.automation.tests.BookStoreLoginTest" name="goToBookStoreAppLoginPage" time="8.675"/>
  <testcase classname="com.toolsqa.automation.tests.BookStoreLoginTest" name="loginToBookStoreApplication" time="1.810"/>
</testsuite> <!-- com.toolsqa.automation.tests.BookStoreLoginTest -->
