<?xml version="1.0" encoding="UTF-8"?>
<!-- Generated by org.testng.reporters.JUnitReportReporter -->
<testsuite hostname="DESKTOP-9SGE8AP" failures="0" tests="1" name="com.toolsqa.automation.tests.AccessLoginPageTest" time="11.817" errors="0" timestamp="10 Jul 2021 02:32:00 GMT" skipped="0">
  <testcase classname="com.toolsqa.automation.tests.AccessLoginPageTest" name="goBookStoreAppLoginPage" time="11.817"/>
</testsuite> <!-- com.toolsqa.automation.tests.AccessLoginPageTest -->
