<?xml version="1.0" encoding="UTF-8"?>
<!-- Generated by org.testng.reporters.JUnitReportReporter -->
<testsuite hostname="DESKTOP-9SGE8AP" failures="0" tests="1" name="tests.LinksTest" time="7.251" errors="0" timestamp="11 Aug 2021 06:04:50 GMT" skipped="0">
  <testcase classname="tests.LinksTest" name="verifyLinks" time="7.251"/>
</testsuite> <!-- tests.LinksTest -->
