<?xml version="1.0" encoding="UTF-8"?>
<!-- Generated by org.testng.reporters.JUnitReportReporter -->
<testsuite hostname="DESKTOP-9SGE8AP" failures="0" tests="3" name="tests.VerifyLoginTest" time="37.146" errors="0" timestamp="11 Aug 2021 01:53:51 GMT" skipped="0">
  <testcase classname="tests.VerifyLoginTest" name="verifyLoginWithMultipleUsers" time="20.967"/>
  <testcase classname="tests.VerifyLoginTest" name="verifyLoginWithMultipleUsers" time="4.646"/>
  <testcase classname="tests.VerifyLoginTest" name="verifyLoginWithMultipleUsers" time="11.533"/>
</testsuite> <!-- tests.VerifyLoginTest -->
