<?xml version="1.0" encoding="UTF-8"?>
<!-- Generated by org.testng.reporters.JUnitReportReporter -->
<testsuite hostname="DESKTOP-9SGE8AP" failures="0" tests="3" name="tests.VerifyLoginTest" time="24.462" errors="0" timestamp="03 Aug 2021 10:24:10 GMT" skipped="0">
  <testcase classname="tests.VerifyLoginTest" name="verifyLoginWithNoOfUsers" time="13.991"/>
  <testcase classname="tests.VerifyLoginTest" name="verifyLoginWithNoOfUsers" time="5.341"/>
  <testcase classname="tests.VerifyLoginTest" name="verifyLoginWithNoOfUsers" time="5.130"/>
</testsuite> <!-- tests.VerifyLoginTest -->
