<?xml version="1.0" encoding="UTF-8"?>
<!-- Generated by org.testng.reporters.JUnitReportReporter -->
<testsuite hostname="DESKTOP-9SGE8AP" failures="0" tests="1" name="tests.WebTablesTest" time="14.998" errors="0" timestamp="04 Aug 2021 13:02:48 GMT" skipped="0">
  <testcase classname="tests.WebTablesTest" name="getWebTablesRecords" time="14.998"/>
</testsuite> <!-- tests.WebTablesTest -->
