<?xml version="1.0" encoding="UTF-8"?>
<!-- Generated by org.testng.reporters.JUnitReportReporter -->
<testsuite hostname="DESKTOP-9SGE8AP" failures="0" tests="1" name="tests.BookStoreLoginTest" time="19.212" errors="0" timestamp="25 Jul 2021 03:17:51 GMT" skipped="0">
  <testcase classname="tests.BookStoreLoginTest" name="goToBookStoreAppLoginPage" time="19.212"/>
</testsuite> <!-- tests.BookStoreLoginTest -->
