<?xml version="1.0" encoding="UTF-8"?>
<!-- Generated by org.testng.reporters.JUnitReportReporter -->
<testsuite hostname="DESKTOP-9SGE8AP" failures="0" tests="1" name="com.toolsqa.automation.tests.TextBoxTest" time="15.780" errors="0" timestamp="22 Jul 2021 01:11:32 GMT" skipped="0">
  <testcase classname="com.toolsqa.automation.tests.TextBoxTest" name="getTextBoxPage" time="15.780"/>
</testsuite> <!-- com.toolsqa.automation.tests.TextBoxTest -->
